-------------------------------------------------------------------------------
Test set: com.avinaash.testing.customer.CustomerRepositoryTest
-------------------------------------------------------------------------------
Tests run: 5, Failures: 2, Errors: 0, Skipped: 0, Time elapsed: 0.121 s <<< FAILURE! - in com.avinaash.testing.customer.CustomerRepositoryTest
itShouldNotSaveCustomerWhenNameIsNull  Time elapsed: 0.023 s  <<< FAILURE!
java.lang.AssertionError: 

Expecting:
 <"not-null property references a null or transient value : com.avinaash.testing.customer.Customer.name; nested exception is org.hibernate.PropertyValueException: not-null property references a null or transient value : com.avinaash.testing.customer.Customer.name">
to contain:
 <"not-null property references a null or transient value : com.amigoscode.testing.customer.Customer.name"> 
	at com.avinaash.testing.customer.CustomerRepositoryTest.itShouldNotSaveCustomerWhenNameIsNull(CustomerRepositoryTest.java:85)

itShouldNotSaveCustomerWhenPhoneNumberIsNull  Time elapsed: 0.02 s  <<< FAILURE!
java.lang.AssertionError: 

Expecting:
 <"not-null property references a null or transient value : com.avinaash.testing.customer.Customer.phoneNumber; nested exception is org.hibernate.PropertyValueException: not-null property references a null or transient value : com.avinaash.testing.customer.Customer.phoneNumber">
to contain:
 <"not-null property references a null or transient value : com.amigoscode.testing.customer.Customer.phoneNumber"> 
	at com.avinaash.testing.customer.CustomerRepositoryTest.itShouldNotSaveCustomerWhenPhoneNumberIsNull(CustomerRepositoryTest.java:99)

