<?xml version="1.0" encoding="UTF-8"?>
<testsuite xmlns:xsi="http://www.w3.org/2001/XMLSchema-instance" xsi:noNamespaceSchemaLocation="https://maven.apache.org/surefire/maven-surefire-plugin/xsd/surefire-test-report.xsd" name="com.avinaash.testing.customer.CustomerRepositoryTest" time="0.121" tests="5" errors="0" skipped="0" failures="2">
  <properties>
[...]
</properties>
  <testcase name="itShouldNotSaveCustomerWhenNameIsNull" classname="com.avinaash.testing.customer.CustomerRepositoryTest" time="0.023">
    <failure message="&#10;Expecting:&#10; &lt;&quot;not-null property references a null or transient value : com.avinaash.testing.customer.Customer.name; nested exception is org.hibernate.PropertyValueException: not-null property references a null or transient value : com.avinaash.testing.customer.Customer.name&quot;&gt;&#10;to contain:&#10; &lt;&quot;not-null property references a null or transient value : com.amigoscode.testing.customer.Customer.name&quot;&gt; " type="java.lang.AssertionError"><![CDATA[java.lang.AssertionError: 

Expecting:
 <"not-null property references a null or transient value : com.avinaash.testing.customer.Customer.name; nested exception is org.hibernate.PropertyValueException: not-null property references a null or transient value : com.avinaash.testing.customer.Customer.name">
to contain:
 <"not-null property references a null or transient value : com.amigoscode.testing.customer.Customer.name"> 
	at com.avinaash.testing.customer.CustomerRepositoryTest.itShouldNotSaveCustomerWhenNameIsNull(CustomerRepositoryTest.java:85)
]]></failure>
    <system-out><![CDATA[2024-06-27 14:28:46.817  INFO 10869 --- [           main] b.t.a.o.j.DataJpaTestContextBootstrapper : Neither @ContextConfiguration nor @ContextHierarchy found for test class [com.avinaash.testing.customer.CustomerRepositoryTest], using SpringBootContextLoader
2024-06-27 14:28:46.818  INFO 10869 --- [           main] o.s.t.c.support.AbstractContextLoader    : Could not detect default resource locations for test class [com.avinaash.testing.customer.CustomerRepositoryTest]: no resource found for suffixes {-context.xml, Context.groovy}.
2024-06-27 14:28:46.818  INFO 10869 --- [           main] t.c.s.AnnotationConfigContextLoaderUtils : Could not detect default configuration classes for test class [com.avinaash.testing.customer.CustomerRepositoryTest]: CustomerRepositoryTest does not declare any static, non-private, non-final, nested classes annotated with @Configuration.
2024-06-27 14:28:46.827  INFO 10869 --- [           main] .b.t.c.SpringBootTestContextBootstrapper : Found @SpringBootConfiguration com.avinaash.testing.TestingApplication for test class com.avinaash.testing.customer.CustomerRepositoryTest
2024-06-27 14:28:46.828  INFO 10869 --- [           main] b.t.a.o.j.DataJpaTestContextBootstrapper : Loaded default TestExecutionListener class names from location [META-INF/spring.factories]: [org.springframework.boot.test.mock.mockito.MockitoTestExecutionListener, org.springframework.boot.test.mock.mockito.ResetMocksTestExecutionListener, org.springframework.boot.test.autoconfigure.restdocs.RestDocsTestExecutionListener, org.springframework.boot.test.autoconfigure.web.client.MockRestServiceServerResetTestExecutionListener, org.springframework.boot.test.autoconfigure.web.servlet.MockMvcPrintOnlyOnFailureTestExecutionListener, org.springframework.boot.test.autoconfigure.web.servlet.WebDriverTestExecutionListener, org.springframework.test.context.web.ServletTestExecutionListener, org.springframework.test.context.support.DirtiesContextBeforeModesTestExecutionListener, org.springframework.test.context.support.DependencyInjectionTestExecutionListener, org.springframework.test.context.support.DirtiesContextTestExecutionListener, org.springframework.test.context.transaction.TransactionalTestExecutionListener, org.springframework.test.context.jdbc.SqlScriptsTestExecutionListener, org.springframework.test.context.event.EventPublishingTestExecutionListener]
2024-06-27 14:28:46.828  INFO 10869 --- [           main] b.t.a.o.j.DataJpaTestContextBootstrapper : Using TestExecutionListeners: [org.springframework.test.context.web.ServletTestExecutionListener@1ef8f7e6, org.springframework.test.context.support.DirtiesContextBeforeModesTestExecutionListener@5a6f1342, org.springframework.boot.test.mock.mockito.MockitoTestExecutionListener@650d5a3d, org.springframework.boot.test.autoconfigure.SpringBootDependencyInjectionTestExecutionListener@5e9a9683, org.springframework.test.context.support.DirtiesContextTestExecutionListener@7040d71, org.springframework.test.context.transaction.TransactionalTestExecutionListener@2553fbd0, org.springframework.test.context.jdbc.SqlScriptsTestExecutionListener@2a8081f5, org.springframework.test.context.event.EventPublishingTestExecutionListener@20a434a8, org.springframework.boot.test.mock.mockito.ResetMocksTestExecutionListener@7ecca48, org.springframework.boot.test.autoconfigure.restdocs.RestDocsTestExecutionListener@3d5b2c1e, org.springframework.boot.test.autoconfigure.web.client.MockRestServiceServerResetTestExecutionListener@137a9d69, org.springframework.boot.test.autoconfigure.web.servlet.MockMvcPrintOnlyOnFailureTestExecutionListener@12faeada, org.springframework.boot.test.autoconfigure.web.servlet.WebDriverTestExecutionListener@73a5cc47]
2024-06-27 14:28:46.833  INFO 10869 --- [           main] o.s.t.c.transaction.TransactionContext   : Began transaction (1) for test context [DefaultTestContext@1545ef47 testClass = CustomerRepositoryTest, testInstance = com.avinaash.testing.customer.CustomerRepositoryTest@48dfce5c, testMethod = itShouldNotSaveCustomerWhenNameIsNull@CustomerRepositoryTest, testException = [null], mergedContextConfiguration = [MergedContextConfiguration@eccaf1b testClass = CustomerRepositoryTest, locations = '{}', classes = '{class com.avinaash.testing.TestingApplication}', contextInitializerClasses = '[]', activeProfiles = '{}', propertySourceLocations = '{}', propertySourceProperties = '{spring.jpa.properties.javax.persistence.validation.mode=none, org.springframework.boot.test.autoconfigure.orm.jpa.DataJpaTestContextBootstrapper=true}', contextCustomizers = set[[ImportsContextCustomizer@3dceec83 key = [org.springframework.boot.autoconfigure.cache.CacheAutoConfiguration, org.springframework.boot.autoconfigure.data.jpa.JpaRepositoriesAutoConfiguration, org.springframework.boot.autoconfigure.flyway.FlywayAutoConfiguration, org.springframework.boot.autoconfigure.jdbc.DataSourceAutoConfiguration, org.springframework.boot.autoconfigure.jdbc.DataSourceTransactionManagerAutoConfiguration, org.springframework.boot.autoconfigure.jdbc.JdbcTemplateAutoConfiguration, org.springframework.boot.autoconfigure.liquibase.LiquibaseAutoConfiguration, org.springframework.boot.autoconfigure.orm.jpa.HibernateJpaAutoConfiguration, org.springframework.boot.autoconfigure.transaction.TransactionAutoConfiguration, org.springframework.boot.test.autoconfigure.jdbc.TestDatabaseAutoConfiguration, org.springframework.boot.test.autoconfigure.orm.jpa.TestEntityManagerAutoConfiguration]], org.springframework.boot.test.context.filter.ExcludeFilterContextCustomizer@272ed83b, org.springframework.boot.test.json.DuplicateJsonObjectContextCustomizerFactory$DuplicateJsonObjectContextCustomizer@625732, org.springframework.boot.test.mock.mockito.MockitoContextCustomizer@0, org.springframework.boot.test.autoconfigure.OverrideAutoConfigurationContextCustomizerFactory$DisableAutoConfigurationContextCustomizer@7692c0e9, org.springframework.boot.test.autoconfigure.filter.TypeExcludeFiltersContextCustomizer@351584c0, org.springframework.boot.test.autoconfigure.properties.PropertyMappingContextCustomizer@e8baf963, org.springframework.boot.test.autoconfigure.web.servlet.WebDriverContextCustomizerFactory$Customizer@2053d869], contextLoader = 'org.springframework.boot.test.context.SpringBootContextLoader', parent = [null]], attributes = map[[empty]]]; transaction manager [org.springframework.orm.jpa.JpaTransactionManager@66297b63]; rollback [true]
Hibernate: select customer0_.id as id1_0_0_, customer0_.name as name2_0_0_, customer0_.phone_number as phone_nu3_0_0_ from customer customer0_ where customer0_.id=?
2024-06-27 14:28:46.849  INFO 10869 --- [           main] o.s.t.c.transaction.TransactionContext   : Rolled back transaction for test: [DefaultTestContext@1545ef47 testClass = CustomerRepositoryTest, testInstance = com.avinaash.testing.customer.CustomerRepositoryTest@48dfce5c, testMethod = itShouldNotSaveCustomerWhenNameIsNull@CustomerRepositoryTest, testException = java.lang.AssertionError: 
Expecting:
 <"not-null property references a null or transient value : com.avinaash.testing.customer.Customer.name; nested exception is org.hibernate.PropertyValueException: not-null property references a null or transient value : com.avinaash.testing.customer.Customer.name">
to contain:
 <"not-null property references a null or transient value : com.amigoscode.testing.customer.Customer.name"> , mergedContextConfiguration = [MergedContextConfiguration@eccaf1b testClass = CustomerRepositoryTest, locations = '{}', classes = '{class com.avinaash.testing.TestingApplication}', contextInitializerClasses = '[]', activeProfiles = '{}', propertySourceLocations = '{}', propertySourceProperties = '{spring.jpa.properties.javax.persistence.validation.mode=none, org.springframework.boot.test.autoconfigure.orm.jpa.DataJpaTestContextBootstrapper=true}', contextCustomizers = set[[ImportsContextCustomizer@3dceec83 key = [org.springframework.boot.autoconfigure.cache.CacheAutoConfiguration, org.springframework.boot.autoconfigure.data.jpa.JpaRepositoriesAutoConfiguration, org.springframework.boot.autoconfigure.flyway.FlywayAutoConfiguration, org.springframework.boot.autoconfigure.jdbc.DataSourceAutoConfiguration, org.springframework.boot.autoconfigure.jdbc.DataSourceTransactionManagerAutoConfiguration, org.springframework.boot.autoconfigure.jdbc.JdbcTemplateAutoConfiguration, org.springframework.boot.autoconfigure.liquibase.LiquibaseAutoConfiguration, org.springframework.boot.autoconfigure.orm.jpa.HibernateJpaAutoConfiguration, org.springframework.boot.autoconfigure.transaction.TransactionAutoConfiguration, org.springframework.boot.test.autoconfigure.jdbc.TestDatabaseAutoConfiguration, org.springframework.boot.test.autoconfigure.orm.jpa.TestEntityManagerAutoConfiguration]], org.springframework.boot.test.context.filter.ExcludeFilterContextCustomizer@272ed83b, org.springframework.boot.test.json.DuplicateJsonObjectContextCustomizerFactory$DuplicateJsonObjectContextCustomizer@625732, org.springframework.boot.test.mock.mockito.MockitoContextCustomizer@0, org.springframework.boot.test.autoconfigure.OverrideAutoConfigurationContextCustomizerFactory$DisableAutoConfigurationContextCustomizer@7692c0e9, org.springframework.boot.test.autoconfigure.filter.TypeExcludeFiltersContextCustomizer@351584c0, org.springframework.boot.test.autoconfigure.properties.PropertyMappingContextCustomizer@e8baf963, org.springframework.boot.test.autoconfigure.web.servlet.WebDriverContextCustomizerFactory$Customizer@2053d869], contextLoader = 'org.springframework.boot.test.context.SpringBootContextLoader', parent = [null]], attributes = map[[empty]]]
]]></system-out>
  </testcase>
  <testcase name="itNotShouldSelectCustomerByPhoneNumberWhenNumberDoesNotExists" classname="com.avinaash.testing.customer.CustomerRepositoryTest" time="0.019"/>
  <testcase name="itShouldSelectCustomerByPhoneNumber" classname="com.avinaash.testing.customer.CustomerRepositoryTest" time="0.026"/>
  <testcase name="itShouldNotSaveCustomerWhenPhoneNumberIsNull" classname="com.avinaash.testing.customer.CustomerRepositoryTest" time="0.02">
    <failure message="&#10;Expecting:&#10; &lt;&quot;not-null property references a null or transient value : com.avinaash.testing.customer.Customer.phoneNumber; nested exception is org.hibernate.PropertyValueException: not-null property references a null or transient value : com.avinaash.testing.customer.Customer.phoneNumber&quot;&gt;&#10;to contain:&#10; &lt;&quot;not-null property references a null or transient value : com.amigoscode.testing.customer.Customer.phoneNumber&quot;&gt; " type="java.lang.AssertionError"><![CDATA[java.lang.AssertionError: 

Expecting:
 <"not-null property references a null or transient value : com.avinaash.testing.customer.Customer.phoneNumber; nested exception is org.hibernate.PropertyValueException: not-null property references a null or transient value : com.avinaash.testing.customer.Customer.phoneNumber">
to contain:
 <"not-null property references a null or transient value : com.amigoscode.testing.customer.Customer.phoneNumber"> 
	at com.avinaash.testing.customer.CustomerRepositoryTest.itShouldNotSaveCustomerWhenPhoneNumberIsNull(CustomerRepositoryTest.java:99)
]]></failure>
    <system-out><![CDATA[2024-06-27 14:28:46.872  INFO 10869 --- [           main] o.s.t.c.transaction.TransactionContext   : Began transaction (1) for test context [DefaultTestContext@1545ef47 testClass = CustomerRepositoryTest, testInstance = com.avinaash.testing.customer.CustomerRepositoryTest@552b7481, testMethod = itShouldNotSaveCustomerWhenPhoneNumberIsNull@CustomerRepositoryTest, testException = [null], mergedContextConfiguration = [MergedContextConfiguration@eccaf1b testClass = CustomerRepositoryTest, locations = '{}', classes = '{class com.avinaash.testing.TestingApplication}', contextInitializerClasses = '[]', activeProfiles = '{}', propertySourceLocations = '{}', propertySourceProperties = '{spring.jpa.properties.javax.persistence.validation.mode=none, org.springframework.boot.test.autoconfigure.orm.jpa.DataJpaTestContextBootstrapper=true}', contextCustomizers = set[[ImportsContextCustomizer@3dceec83 key = [org.springframework.boot.autoconfigure.cache.CacheAutoConfiguration, org.springframework.boot.autoconfigure.data.jpa.JpaRepositoriesAutoConfiguration, org.springframework.boot.autoconfigure.flyway.FlywayAutoConfiguration, org.springframework.boot.autoconfigure.jdbc.DataSourceAutoConfiguration, org.springframework.boot.autoconfigure.jdbc.DataSourceTransactionManagerAutoConfiguration, org.springframework.boot.autoconfigure.jdbc.JdbcTemplateAutoConfiguration, org.springframework.boot.autoconfigure.liquibase.LiquibaseAutoConfiguration, org.springframework.boot.autoconfigure.orm.jpa.HibernateJpaAutoConfiguration, org.springframework.boot.autoconfigure.transaction.TransactionAutoConfiguration, org.springframework.boot.test.autoconfigure.jdbc.TestDatabaseAutoConfiguration, org.springframework.boot.test.autoconfigure.orm.jpa.TestEntityManagerAutoConfiguration]], org.springframework.boot.test.context.filter.ExcludeFilterContextCustomizer@272ed83b, org.springframework.boot.test.json.DuplicateJsonObjectContextCustomizerFactory$DuplicateJsonObjectContextCustomizer@625732, org.springframework.boot.test.mock.mockito.MockitoContextCustomizer@0, org.springframework.boot.test.autoconfigure.OverrideAutoConfigurationContextCustomizerFactory$DisableAutoConfigurationContextCustomizer@7692c0e9, org.springframework.boot.test.autoconfigure.filter.TypeExcludeFiltersContextCustomizer@351584c0, org.springframework.boot.test.autoconfigure.properties.PropertyMappingContextCustomizer@e8baf963, org.springframework.boot.test.autoconfigure.web.servlet.WebDriverContextCustomizerFactory$Customizer@2053d869], contextLoader = 'org.springframework.boot.test.context.SpringBootContextLoader', parent = [null]], attributes = map[[empty]]]; transaction manager [org.springframework.orm.jpa.JpaTransactionManager@66297b63]; rollback [true]
Hibernate: select customer0_.id as id1_0_0_, customer0_.name as name2_0_0_, customer0_.phone_number as phone_nu3_0_0_ from customer customer0_ where customer0_.id=?
2024-06-27 14:28:46.877  INFO 10869 --- [           main] o.s.t.c.transaction.TransactionContext   : Rolled back transaction for test: [DefaultTestContext@1545ef47 testClass = CustomerRepositoryTest, testInstance = com.avinaash.testing.customer.CustomerRepositoryTest@552b7481, testMethod = itShouldNotSaveCustomerWhenPhoneNumberIsNull@CustomerRepositoryTest, testException = java.lang.AssertionError: 
Expecting:
 <"not-null property references a null or transient value : com.avinaash.testing.customer.Customer.phoneNumber; nested exception is org.hibernate.PropertyValueException: not-null property references a null or transient value : com.avinaash.testing.customer.Customer.phoneNumber">
to contain:
 <"not-null property references a null or transient value : com.amigoscode.testing.customer.Customer.phoneNumber"> , mergedContextConfiguration = [MergedContextConfiguration@eccaf1b testClass = CustomerRepositoryTest, locations = '{}', classes = '{class com.avinaash.testing.TestingApplication}', contextInitializerClasses = '[]', activeProfiles = '{}', propertySourceLocations = '{}', propertySourceProperties = '{spring.jpa.properties.javax.persistence.validation.mode=none, org.springframework.boot.test.autoconfigure.orm.jpa.DataJpaTestContextBootstrapper=true}', contextCustomizers = set[[ImportsContextCustomizer@3dceec83 key = [org.springframework.boot.autoconfigure.cache.CacheAutoConfiguration, org.springframework.boot.autoconfigure.data.jpa.JpaRepositoriesAutoConfiguration, org.springframework.boot.autoconfigure.flyway.FlywayAutoConfiguration, org.springframework.boot.autoconfigure.jdbc.DataSourceAutoConfiguration, org.springframework.boot.autoconfigure.jdbc.DataSourceTransactionManagerAutoConfiguration, org.springframework.boot.autoconfigure.jdbc.JdbcTemplateAutoConfiguration, org.springframework.boot.autoconfigure.liquibase.LiquibaseAutoConfiguration, org.springframework.boot.autoconfigure.orm.jpa.HibernateJpaAutoConfiguration, org.springframework.boot.autoconfigure.transaction.TransactionAutoConfiguration, org.springframework.boot.test.autoconfigure.jdbc.TestDatabaseAutoConfiguration, org.springframework.boot.test.autoconfigure.orm.jpa.TestEntityManagerAutoConfiguration]], org.springframework.boot.test.context.filter.ExcludeFilterContextCustomizer@272ed83b, org.springframework.boot.test.json.DuplicateJsonObjectContextCustomizerFactory$DuplicateJsonObjectContextCustomizer@625732, org.springframework.boot.test.mock.mockito.MockitoContextCustomizer@0, org.springframework.boot.test.autoconfigure.OverrideAutoConfigurationContextCustomizerFactory$DisableAutoConfigurationContextCustomizer@7692c0e9, org.springframework.boot.test.autoconfigure.filter.TypeExcludeFiltersContextCustomizer@351584c0, org.springframework.boot.test.autoconfigure.properties.PropertyMappingContextCustomizer@e8baf963, org.springframework.boot.test.autoconfigure.web.servlet.WebDriverContextCustomizerFactory$Customizer@2053d869], contextLoader = 'org.springframework.boot.test.context.SpringBootContextLoader', parent = [null]], attributes = map[[empty]]]
]]></system-out>
  </testcase>
  <testcase name="itShouldSaveCustomer" classname="com.avinaash.testing.customer.CustomerRepositoryTest" time="0.023"/>
</testsuite>